生成启动时间为 2016/7/26 17:30:40。
     1>项目“E:\IO_MEMORY\io_memory\io_memory\io_memory.vcxproj”在节点 2 上(build 个目标)。
       项目文件包含 ToolsVersion="14.0" 设置，而此版本的 MSBuild 不支持该工具版本。该项目将视为包含 ToolsVersion="4.0" 设置。
     1>InitializeBuildStatus:
         正在创建“Debug\io_memory.unsuccessfulbuild”，因为已指定“AlwaysCreate”。
       ClCompile:
         所有输出均为最新。
         所有输出均为最新。
       ResourceCompile:
         所有输出均为最新。
       ManifestResourceCompile:
         所有输出均为最新。
       Link:
         所有输出均为最新。
       Manifest:
         C:\Program Files (x86)\Microsoft SDKs\Windows\v7.0A\bin\mt.exe /nologo /verbose /out:"Debug\io_memory.exe.embed.manifest" /manifest Debug\io_memory.exe.intermediate.manifest "e:\VS\Microsoft Visual Studio 10.0\VC\Include\Manifest\dpiaware.manifest"
         所有输出均为最新。
       FinalizeBuildStatus:
         正在删除文件“Debug\io_memory.unsuccessfulbuild”。
         正在对“Debug\io_memory.lastbuildstate”执行 Touch 任务。
     1>已完成生成项目“E:\IO_MEMORY\io_memory\io_memory\io_memory.vcxproj”(build 个目标)的操作。

生成成功。

已用时间 00:00:00.84
